<?xml version="1.0" encoding="utf-8"?><testsuites name="pytest tests"><testsuite name="pytest" errors="0" failures="1" skipped="0" tests="20" time="6.012" timestamp="2026-06-30T10:43:12.411674+00:00" hostname="agent-env-9d360bef-fb0a-479a-b284-b5f87f54b3b0"><testcase classname="tests.backend_test.TestAuth" name="test_login_admin" time="0.668" /><testcase classname="tests.backend_test.TestAuth" name="test_login_invalid" time="0.400" /><testcase classname="tests.backend_test.TestAnalytics" name="test_overview" time="1.082"><failure message="AssertionError: missing total_orders: ['total_sales', 'total_gp', 'gp_pct', 'orders', 'active_customers', 'active_products', 'avg_order_value']&#10;assert 'total_orders' in {'total_sales': 277132551.0, 'total_gp': 59302769.29, 'gp_pct': 21.4, 'orders': 8563, ...}">backend/tests/backend_test.py:137: in test_overview
    assert key in d, f"missing {key}: {list(d.keys())}"
E   AssertionError: missing total_orders: ['total_sales', 'total_gp', 'gp_pct', 'orders', 'active_customers', 'active_products', 'avg_order_value']
E   assert 'total_orders' in {'total_sales': 277132551.0, 'total_gp': 59302769.29, 'gp_pct': 21.4, 'orders': 8563, ...}</failure></testcase><testcase classname="tests.backend_test.TestAnalytics" name="test_customers" time="0.408" /><testcase classname="tests.backend_test.TestAuth" name="test_me_authenticated" time="0.523" /><testcase classname="tests.backend_test.TestAnalytics" name="test_products" time="0.316" /><testcase classname="tests.backend_test.TestAuth" name="test_me_unauthenticated" time="0.218" /><testcase classname="tests.backend_test.TestAuth" name="test_register_new_user" time="0.598" /><testcase classname="tests.backend_test.TestAnalytics" name="test_countries" time="0.408" /><testcase classname="tests.backend_test.TestAnalytics" name="test_trends" time="0.168" /><testcase classname="tests.backend_test.TestAuth" name="test_register_duplicate_email" time="0.177" /><testcase classname="tests.backend_test.TestAnalytics" name="test_salespersons" time="0.224" /><testcase classname="tests.backend_test.TestDatasets" name="test_list_datasets" time="0.044" /><testcase classname="tests.backend_test.TestDatasets" name="test_upload_dataset" time="2.502" /><testcase classname="tests.backend_test.TestAnalytics" name="test_alerts" time="0.256" /><testcase classname="tests.backend_test.TestTransactions" name="test_list_transactions" time="1.897" /><testcase classname="tests.backend_test.TestTransactions" name="test_patch_transaction" time="0.387" /><testcase classname="tests.backend_test.TestDatasets" name="test_dataset_invalid_file" time="0.043" /><testcase classname="tests.backend_test.TestHealth" name="test_root" time="0.119" /><testcase classname="tests.backend_test.TestTargets" name="test_create_list_delete_target" time="0.226" /></testsuite></testsuites>