<?xml version="1.0" encoding="utf-8"?><testsuites name="pytest tests"><testsuite name="pytest" errors="0" failures="1" skipped="0" tests="20" time="4.097" timestamp="2026-08-05T09:51:20.767564+00:00" hostname="agent-env-9d360bef-fb0a-479a-b284-b5f87f54b3b0"><testcase classname="tests.backend_test.TestAuth" name="test_login_admin" time="0.660" /><testcase classname="tests.backend_test.TestAuth" name="test_login_invalid" time="0.447" /><testcase classname="tests.backend_test.TestAnalytics" name="test_overview" time="1.125" /><testcase classname="tests.backend_test.TestAnalytics" name="test_customers" time="0.453" /><testcase classname="tests.backend_test.TestAuth" name="test_me_authenticated" time="0.447" /><testcase classname="tests.backend_test.TestAuth" name="test_me_unauthenticated" time="0.225" /><testcase classname="tests.backend_test.TestAnalytics" name="test_products" time="0.414" /><testcase classname="tests.backend_test.TestAuth" name="test_register_new_user" time="0.515" /><testcase classname="tests.backend_test.TestAnalytics" name="test_countries" time="0.328" /><testcase classname="tests.backend_test.TestAuth" name="test_register_duplicate_email" time="0.177" /><testcase classname="tests.backend_test.TestAnalytics" name="test_trends" time="0.185" /><testcase classname="tests.backend_test.TestDatasets" name="test_list_datasets" time="0.042" /><testcase classname="tests.backend_test.TestAnalytics" name="test_salespersons" time="0.249" /><testcase classname="tests.backend_test.TestDatasets" name="test_upload_dataset" time="0.000"><failure message="FileNotFoundError: [Errno 2] No such file or directory: '/tmp/sample.xls'">backend/tests/backend_test.py:109: in test_upload_dataset
    with open(SAMPLE_FILE, "rb") as f:
         ^^^^^^^^^^^^^^^^^^^^^^^
E   FileNotFoundError: [Errno 2] No such file or directory: '/tmp/sample.xls'</failure></testcase><testcase classname="tests.backend_test.TestDatasets" name="test_dataset_invalid_file" time="0.147" /><testcase classname="tests.backend_test.TestHealth" name="test_root" time="0.213" /><testcase classname="tests.backend_test.TestAnalytics" name="test_alerts" time="0.262" /><testcase classname="tests.backend_test.TestTargets" name="test_create_list_delete_target" time="0.292" /><testcase classname="tests.backend_test.TestTransactions" name="test_list_transactions" time="0.076" /><testcase classname="tests.backend_test.TestTransactions" name="test_patch_transaction" time="0.328" /></testsuite></testsuites>